{"/home/kevin/HackReactor/BlueOcean/frontend-jobsite/client/src/components/FiltersModal.jsx": {"path":"/home/kevin/HackReactor/BlueOcean/frontend-jobsite/client/src/components/FiltersModal.jsx","statementMap":{"0":{"start":{"line":5,"column":16},"end":{"line":16,"column":1}},"1":{"start":{"line":18,"column":16},"end":{"line":23,"column":1}},"2":{"start":{"line":27,"column":4},"end":{"line":27,"column":17}},"3":{"start":{"line":28,"column":4},"end":{"line":39,"column":6}},"4":{"start":{"line":40,"column":4},"end":{"line":40,"column":38}},"5":{"start":{"line":41,"column":4},"end":{"line":41,"column":53}},"6":{"start":{"line":42,"column":4},"end":{"line":42,"column":53}},"7":{"start":{"line":46,"column":16},"end":{"line":46,"column":33}},"8":{"start":{"line":47,"column":16},"end":{"line":47,"column":34}},"9":{"start":{"line":49,"column":4},"end":{"line":51,"column":7}},"10":{"start":{"line":55,"column":4},"end":{"line":55,"column":27}},"11":{"start":{"line":57,"column":18},"end":{"line":57,"column":43}},"12":{"start":{"line":58,"column":4},"end":{"line":58,"column":25}},"13":{"start":{"line":60,"column":4},"end":{"line":60,"column":35}},"14":{"start":{"line":64,"column":85},"end":{"line":64,"column":95}},"15":{"start":{"line":66,"column":4},"end":{"line":199,"column":6}},"16":{"start":{"line":67,"column":39},"end":{"line":67,"column":62}}},"fnMap":{"0":{"name":"(anonymous_0)","decl":{"start":{"line":26,"column":2},"end":{"line":26,"column":3}},"loc":{"start":{"line":26,"column":21},"end":{"line":43,"column":3}},"line":26},"1":{"name":"(anonymous_1)","decl":{"start":{"line":45,"column":2},"end":{"line":45,"column":3}},"loc":{"start":{"line":45,"column":22},"end":{"line":52,"column":3}},"line":45},"2":{"name":"(anonymous_2)","decl":{"start":{"line":54,"column":2},"end":{"line":54,"column":3}},"loc":{"start":{"line":54,"column":22},"end":{"line":61,"column":3}},"line":54},"3":{"name":"(anonymous_3)","decl":{"start":{"line":63,"column":2},"end":{"line":63,"column":3}},"loc":{"start":{"line":63,"column":11},"end":{"line":200,"column":3}},"line":63},"4":{"name":"(anonymous_4)","decl":{"start":{"line":67,"column":28},"end":{"line":67,"column":29}},"loc":{"start":{"line":67,"column":39},"end":{"line":67,"column":62}},"line":67}},"branchMap":{"0":{"loc":{"start":{"line":198,"column":6},"end":{"line":198,"column":76}},"type":"binary-expr","locations":[{"start":{"line":198,"column":6},"end":{"line":198,"column":43}},{"start":{"line":198,"column":47},"end":{"line":198,"column":76}}],"line":198}},"s":{"0":1,"1":1,"2":2,"3":2,"4":2,"5":2,"6":2,"7":3,"8":3,"9":3,"10":1,"11":1,"12":1,"13":1,"14":5,"15":5,"16":0},"f":{"0":2,"1":3,"2":1,"3":5,"4":0},"b":{"0":[5,5]},"_coverageSchema":"1a1c01bbd47fc00a2c39e90264f33305004495a9","hash":"4ef15eb87e180fd9b933f9bd2ec1698784b1f2d7"}
,"/home/kevin/HackReactor/BlueOcean/frontend-jobsite/client/src/components/Location.jsx": {"path":"/home/kevin/HackReactor/BlueOcean/frontend-jobsite/client/src/components/Location.jsx","statementMap":{"0":{"start":{"line":3,"column":17},"end":{"line":23,"column":1}},"1":{"start":{"line":4,"column":34},"end":{"line":4,"column":46}},"2":{"start":{"line":6,"column":23},"end":{"line":10,"column":3}},"3":{"start":{"line":7,"column":22},"end":{"line":7,"column":34}},"4":{"start":{"line":9,"column":4},"end":{"line":9,"column":23}},"5":{"start":{"line":12,"column":23},"end":{"line":15,"column":3}},"6":{"start":{"line":13,"column":4},"end":{"line":13,"column":27}},"7":{"start":{"line":14,"column":4},"end":{"line":14,"column":32}},"8":{"start":{"line":17,"column":2},"end":{"line":22,"column":4}}},"fnMap":{"0":{"name":"(anonymous_0)","decl":{"start":{"line":3,"column":17},"end":{"line":3,"column":18}},"loc":{"start":{"line":3,"column":28},"end":{"line":23,"column":1}},"line":3},"1":{"name":"(anonymous_1)","decl":{"start":{"line":6,"column":23},"end":{"line":6,"column":24}},"loc":{"start":{"line":6,"column":34},"end":{"line":10,"column":3}},"line":6},"2":{"name":"(anonymous_2)","decl":{"start":{"line":12,"column":23},"end":{"line":12,"column":24}},"loc":{"start":{"line":12,"column":34},"end":{"line":15,"column":3}},"line":12}},"branchMap":{},"s":{"0":1,"1":3,"2":3,"3":2,"4":2,"5":3,"6":0,"7":0,"8":3},"f":{"0":3,"1":2,"2":0},"b":{},"_coverageSchema":"1a1c01bbd47fc00a2c39e90264f33305004495a9","hash":"67a3eed3d4691285beeadc5c92bee9f34d0f1422"}
,"/home/kevin/HackReactor/BlueOcean/frontend-jobsite/client/src/components/Searchbar.jsx": {"path":"/home/kevin/HackReactor/BlueOcean/frontend-jobsite/client/src/components/Searchbar.jsx","statementMap":{"0":{"start":{"line":3,"column":18},"end":{"line":30,"column":1}},"1":{"start":{"line":4,"column":30},"end":{"line":4,"column":42}},"2":{"start":{"line":6,"column":23},"end":{"line":10,"column":3}},"3":{"start":{"line":7,"column":22},"end":{"line":7,"column":34}},"4":{"start":{"line":9,"column":4},"end":{"line":9,"column":21}},"5":{"start":{"line":12,"column":23},"end":{"line":15,"column":3}},"6":{"start":{"line":13,"column":4},"end":{"line":13,"column":27}},"7":{"start":{"line":14,"column":4},"end":{"line":14,"column":28}},"8":{"start":{"line":17,"column":2},"end":{"line":29,"column":4}}},"fnMap":{"0":{"name":"(anonymous_0)","decl":{"start":{"line":3,"column":18},"end":{"line":3,"column":19}},"loc":{"start":{"line":3,"column":29},"end":{"line":30,"column":1}},"line":3},"1":{"name":"(anonymous_1)","decl":{"start":{"line":6,"column":23},"end":{"line":6,"column":24}},"loc":{"start":{"line":6,"column":34},"end":{"line":10,"column":3}},"line":6},"2":{"name":"(anonymous_2)","decl":{"start":{"line":12,"column":23},"end":{"line":12,"column":24}},"loc":{"start":{"line":12,"column":34},"end":{"line":15,"column":3}},"line":12}},"branchMap":{},"s":{"0":1,"1":3,"2":3,"3":2,"4":2,"5":3,"6":0,"7":0,"8":3},"f":{"0":3,"1":2,"2":0},"b":{},"_coverageSchema":"1a1c01bbd47fc00a2c39e90264f33305004495a9","hash":"6470c848b884f7f37728faa23c6786ae145f3125"}
}
