{"/home/kevin/HackReactor/BlueOcean/frontend-jobsite/client/src/components/FiltersModal.jsx": {"path":"/home/kevin/HackReactor/BlueOcean/frontend-jobsite/client/src/components/FiltersModal.jsx","statementMap":{"0":{"start":{"line":5,"column":16},"end":{"line":23,"column":1}},"1":{"start":{"line":25,"column":16},"end":{"line":27,"column":1}},"2":{"start":{"line":29,"column":13},"end":{"line":34,"column":1}},"3":{"start":{"line":36,"column":19},"end":{"line":41,"column":1}},"4":{"start":{"line":43,"column":15},"end":{"line":45,"column":1}},"5":{"start":{"line":47,"column":17},"end":{"line":60,"column":1}},"6":{"start":{"line":62,"column":16},"end":{"line":66,"column":1}},"7":{"start":{"line":68,"column":15},"end":{"line":72,"column":1}},"8":{"start":{"line":74,"column":14},"end":{"line":104,"column":1}},"9":{"start":{"line":106,"column":14},"end":{"line":142,"column":1}},"10":{"start":{"line":144,"column":15},"end":{"line":155,"column":1}},"11":{"start":{"line":159,"column":4},"end":{"line":159,"column":17}},"12":{"start":{"line":160,"column":4},"end":{"line":171,"column":6}},"13":{"start":{"line":172,"column":4},"end":{"line":172,"column":38}},"14":{"start":{"line":173,"column":4},"end":{"line":173,"column":53}},"15":{"start":{"line":174,"column":4},"end":{"line":174,"column":53}},"16":{"start":{"line":178,"column":18},"end":{"line":178,"column":35}},"17":{"start":{"line":179,"column":22},"end":{"line":179,"column":34}},"18":{"start":{"line":181,"column":4},"end":{"line":183,"column":7}},"19":{"start":{"line":187,"column":4},"end":{"line":187,"column":27}},"20":{"start":{"line":189,"column":20},"end":{"line":189,"column":45}},"21":{"start":{"line":190,"column":4},"end":{"line":190,"column":25}},"22":{"start":{"line":192,"column":4},"end":{"line":192,"column":35}},"23":{"start":{"line":198,"column":8},"end":{"line":198,"column":18}},"24":{"start":{"line":200,"column":4},"end":{"line":338,"column":6}},"25":{"start":{"line":201,"column":39},"end":{"line":201,"column":62}}},"fnMap":{"0":{"name":"(anonymous_0)","decl":{"start":{"line":158,"column":2},"end":{"line":158,"column":3}},"loc":{"start":{"line":158,"column":21},"end":{"line":175,"column":3}},"line":158},"1":{"name":"(anonymous_1)","decl":{"start":{"line":177,"column":2},"end":{"line":177,"column":3}},"loc":{"start":{"line":177,"column":22},"end":{"line":184,"column":3}},"line":177},"2":{"name":"(anonymous_2)","decl":{"start":{"line":186,"column":2},"end":{"line":186,"column":3}},"loc":{"start":{"line":186,"column":22},"end":{"line":193,"column":3}},"line":186},"3":{"name":"(anonymous_3)","decl":{"start":{"line":195,"column":2},"end":{"line":195,"column":3}},"loc":{"start":{"line":195,"column":11},"end":{"line":339,"column":3}},"line":195},"4":{"name":"(anonymous_4)","decl":{"start":{"line":201,"column":28},"end":{"line":201,"column":29}},"loc":{"start":{"line":201,"column":39},"end":{"line":201,"column":62}},"line":201}},"branchMap":{"0":{"loc":{"start":{"line":337,"column":6},"end":{"line":337,"column":76}},"type":"binary-expr","locations":[{"start":{"line":337,"column":6},"end":{"line":337,"column":43}},{"start":{"line":337,"column":47},"end":{"line":337,"column":76}}],"line":337}},"s":{"0":1,"1":1,"2":1,"3":1,"4":1,"5":1,"6":1,"7":1,"8":1,"9":1,"10":1,"11":2,"12":2,"13":2,"14":2,"15":2,"16":3,"17":3,"18":3,"19":1,"20":1,"21":1,"22":1,"23":5,"24":5,"25":0},"f":{"0":2,"1":3,"2":1,"3":5,"4":0},"b":{"0":[5,5]},"_coverageSchema":"1a1c01bbd47fc00a2c39e90264f33305004495a9","hash":"5b04c8b0695d9b41f6fc767692ae902a49d3fb32"}
,"/home/kevin/HackReactor/BlueOcean/frontend-jobsite/client/src/components/Location.jsx": {"path":"/home/kevin/HackReactor/BlueOcean/frontend-jobsite/client/src/components/Location.jsx","statementMap":{"0":{"start":{"line":4,"column":13},"end":{"line":14,"column":1}},"1":{"start":{"line":16,"column":14},"end":{"line":26,"column":1}},"2":{"start":{"line":28,"column":15},"end":{"line":38,"column":1}},"3":{"start":{"line":40,"column":17},"end":{"line":60,"column":1}},"4":{"start":{"line":41,"column":34},"end":{"line":41,"column":46}},"5":{"start":{"line":43,"column":23},"end":{"line":47,"column":3}},"6":{"start":{"line":44,"column":22},"end":{"line":44,"column":34}},"7":{"start":{"line":46,"column":4},"end":{"line":46,"column":23}},"8":{"start":{"line":49,"column":23},"end":{"line":52,"column":3}},"9":{"start":{"line":50,"column":4},"end":{"line":50,"column":27}},"10":{"start":{"line":51,"column":4},"end":{"line":51,"column":32}},"11":{"start":{"line":54,"column":2},"end":{"line":59,"column":4}}},"fnMap":{"0":{"name":"(anonymous_0)","decl":{"start":{"line":40,"column":17},"end":{"line":40,"column":18}},"loc":{"start":{"line":40,"column":28},"end":{"line":60,"column":1}},"line":40},"1":{"name":"(anonymous_1)","decl":{"start":{"line":43,"column":23},"end":{"line":43,"column":24}},"loc":{"start":{"line":43,"column":34},"end":{"line":47,"column":3}},"line":43},"2":{"name":"(anonymous_2)","decl":{"start":{"line":49,"column":23},"end":{"line":49,"column":24}},"loc":{"start":{"line":49,"column":34},"end":{"line":52,"column":3}},"line":49}},"branchMap":{},"s":{"0":1,"1":1,"2":1,"3":1,"4":4,"5":4,"6":2,"7":2,"8":4,"9":1,"10":1,"11":4},"f":{"0":4,"1":2,"2":1},"b":{},"_coverageSchema":"1a1c01bbd47fc00a2c39e90264f33305004495a9","hash":"278f49c6da45387d75a8e6dbf328e5bba8f8bf14"}
,"/home/kevin/HackReactor/BlueOcean/frontend-jobsite/client/src/components/Searchbar.jsx": {"path":"/home/kevin/HackReactor/BlueOcean/frontend-jobsite/client/src/components/Searchbar.jsx","statementMap":{"0":{"start":{"line":4,"column":13},"end":{"line":14,"column":1}},"1":{"start":{"line":16,"column":14},"end":{"line":26,"column":1}},"2":{"start":{"line":28,"column":15},"end":{"line":38,"column":1}},"3":{"start":{"line":40,"column":18},"end":{"line":67,"column":1}},"4":{"start":{"line":41,"column":30},"end":{"line":41,"column":42}},"5":{"start":{"line":43,"column":23},"end":{"line":47,"column":3}},"6":{"start":{"line":44,"column":22},"end":{"line":44,"column":34}},"7":{"start":{"line":46,"column":4},"end":{"line":46,"column":21}},"8":{"start":{"line":49,"column":23},"end":{"line":52,"column":3}},"9":{"start":{"line":50,"column":4},"end":{"line":50,"column":27}},"10":{"start":{"line":51,"column":4},"end":{"line":51,"column":28}},"11":{"start":{"line":54,"column":2},"end":{"line":66,"column":4}}},"fnMap":{"0":{"name":"(anonymous_0)","decl":{"start":{"line":40,"column":18},"end":{"line":40,"column":19}},"loc":{"start":{"line":40,"column":29},"end":{"line":67,"column":1}},"line":40},"1":{"name":"(anonymous_1)","decl":{"start":{"line":43,"column":23},"end":{"line":43,"column":24}},"loc":{"start":{"line":43,"column":34},"end":{"line":47,"column":3}},"line":43},"2":{"name":"(anonymous_2)","decl":{"start":{"line":49,"column":23},"end":{"line":49,"column":24}},"loc":{"start":{"line":49,"column":34},"end":{"line":52,"column":3}},"line":49}},"branchMap":{},"s":{"0":1,"1":1,"2":1,"3":1,"4":4,"5":4,"6":2,"7":2,"8":4,"9":1,"10":1,"11":4},"f":{"0":4,"1":2,"2":1},"b":{},"_coverageSchema":"1a1c01bbd47fc00a2c39e90264f33305004495a9","hash":"bf0f73ee313b3621a4ccb5e1db18fcac559f42e1"}
}
