TN:
SF:client/src/components/FiltersModal.jsx
FN:158,(anonymous_0)
FN:177,(anonymous_1)
FN:186,(anonymous_2)
FN:195,(anonymous_3)
FN:201,(anonymous_4)
FNF:5
FNH:4
FNDA:2,(anonymous_0)
FNDA:3,(anonymous_1)
FNDA:1,(anonymous_2)
FNDA:5,(anonymous_3)
FNDA:0,(anonymous_4)
DA:5,1
DA:25,1
DA:29,1
DA:36,1
DA:43,1
DA:47,1
DA:62,1
DA:68,1
DA:74,1
DA:106,1
DA:144,1
DA:159,2
DA:160,2
DA:172,2
DA:173,2
DA:174,2
DA:178,3
DA:179,3
DA:181,3
DA:187,1
DA:189,1
DA:190,1
DA:192,1
DA:198,5
DA:200,5
DA:201,0
LF:26
LH:25
BRDA:337,0,0,5
BRDA:337,0,1,5
BRF:2
BRH:2
end_of_record
TN:
SF:client/src/components/Location.jsx
FN:40,(anonymous_0)
FN:43,(anonymous_1)
FN:49,(anonymous_2)
FNF:3
FNH:3
FNDA:4,(anonymous_0)
FNDA:2,(anonymous_1)
FNDA:1,(anonymous_2)
DA:4,1
DA:16,1
DA:28,1
DA:40,1
DA:41,4
DA:43,4
DA:44,2
DA:46,2
DA:49,4
DA:50,1
DA:51,1
DA:54,4
LF:12
LH:12
BRF:0
BRH:0
end_of_record
TN:
SF:client/src/components/Searchbar.jsx
FN:40,(anonymous_0)
FN:43,(anonymous_1)
FN:49,(anonymous_2)
FNF:3
FNH:3
FNDA:4,(anonymous_0)
FNDA:2,(anonymous_1)
FNDA:1,(anonymous_2)
DA:4,1
DA:16,1
DA:28,1
DA:40,1
DA:41,4
DA:43,4
DA:44,2
DA:46,2
DA:49,4
DA:50,1
DA:51,1
DA:54,4
LF:12
LH:12
BRF:0
BRH:0
end_of_record
