TN:
SF:client/src/components/FiltersModal.jsx
FN:26,(anonymous_0)
FN:45,(anonymous_1)
FN:54,(anonymous_2)
FN:63,(anonymous_3)
FN:67,(anonymous_4)
FNF:5
FNH:4
FNDA:2,(anonymous_0)
FNDA:3,(anonymous_1)
FNDA:1,(anonymous_2)
FNDA:5,(anonymous_3)
FNDA:0,(anonymous_4)
DA:5,1
DA:18,1
DA:27,2
DA:28,2
DA:40,2
DA:41,2
DA:42,2
DA:46,3
DA:47,3
DA:49,3
DA:55,1
DA:57,1
DA:58,1
DA:60,1
DA:64,5
DA:66,5
DA:67,0
LF:17
LH:16
BRDA:198,0,0,5
BRDA:198,0,1,5
BRF:2
BRH:2
end_of_record
TN:
SF:client/src/components/Location.jsx
FN:3,(anonymous_0)
FN:6,(anonymous_1)
FN:12,(anonymous_2)
FNF:3
FNH:2
FNDA:3,(anonymous_0)
FNDA:2,(anonymous_1)
FNDA:0,(anonymous_2)
DA:3,1
DA:4,3
DA:6,3
DA:7,2
DA:9,2
DA:12,3
DA:13,0
DA:14,0
DA:17,3
LF:9
LH:7
BRF:0
BRH:0
end_of_record
TN:
SF:client/src/components/Searchbar.jsx
FN:3,(anonymous_0)
FN:6,(anonymous_1)
FN:12,(anonymous_2)
FNF:3
FNH:2
FNDA:3,(anonymous_0)
FNDA:2,(anonymous_1)
FNDA:0,(anonymous_2)
DA:3,1
DA:4,3
DA:6,3
DA:7,2
DA:9,2
DA:12,3
DA:13,0
DA:14,0
DA:17,3
LF:9
LH:7
BRF:0
BRH:0
end_of_record
